
Showing logs for build [32mmeta-smyaltamash-flaskapp-maste-tn66v-12[0m stage [32mmeta-pipeline[0m and container [32mstep-credential-initializer-gwzqz[0m
{"level":"warn","ts":1581923416.6538668,"logger":"fallback-logger","caller":"logging/config.go:69","msg":"Fetch GitHub commit ID from kodata failed: \"ref: refs/heads/0.8.0-**-support-backwards-incompats\" is not a valid GitHub commit ID"}
{"level":"info","ts":1581923416.6543214,"logger":"fallback-logger","caller":"creds-init/main.go:40","msg":"Credentials initialized."}

Showing logs for build [32mmeta-smyaltamash-flaskapp-maste-tn66v-12[0m stage [32mmeta-pipeline[0m and container [32mstep-working-dir-initializer-xvhlt[0m
{"level":"warn","ts":1581923417.387065,"logger":"fallback-logger","caller":"logging/config.go:69","msg":"Fetch GitHub commit ID from kodata failed: open /var/run/ko/HEAD: no such file or directory"}
{"level":"info","ts":1581923417.3885562,"logger":"fallback-logger","caller":"bash/main.go:64","msg":"Successfully executed command \"sh -c mkdir -p /workspace/source\"; output "}

Showing logs for build [32mmeta-smyaltamash-flaskapp-maste-tn66v-12[0m stage [32mmeta-pipeline[0m and container [32mstep-place-tools[0m

Showing logs for build [32mmeta-smyaltamash-flaskapp-maste-tn66v-12[0m stage [32mmeta-pipeline[0m and container [32mstep-git-source-meta-smyaltamash-flaskapp-maste-tn66v-7tfrl[0m
{"level":"warn","ts":1581923423.607619,"logger":"fallback-logger","caller":"logging/config.go:69","msg":"Fetch GitHub commit ID from kodata failed: \"ref: refs/heads/0.8.0-**-support-backwards-incompats\" is not a valid GitHub commit ID"}
{"level":"info","ts":1581923426.3263476,"logger":"fallback-logger","caller":"git/git.go:103","msg":"Successfully cloned https://github.com/SMYALTAMASH/FlaskApp.git @ 07fa35e77a03dabc35d9826b5fa4946ebcdd2a4d in path /workspace/source"}

Showing logs for build [32mmeta-smyaltamash-flaskapp-maste-tn66v-12[0m stage [32mmeta-pipeline[0m and container [32mstep-git-merge[0m
Using SHAs from PULL_REFS=master:07fa35e77a03dabc35d9826b5fa4946ebcdd2a4d
WARNING: no SHAs to merge, falling back to initial cloned commit

Showing logs for build [32mmeta-smyaltamash-flaskapp-maste-tn66v-12[0m stage [32mmeta-pipeline[0m and container [32mstep-merge-pull-refs[0m
SKIP merge-pull-refs: Nothing to merge

Showing logs for build [32mmeta-smyaltamash-flaskapp-maste-tn66v-12[0m stage [32mmeta-pipeline[0m and container [32mstep-create-effective-pipeline[0m
Cloning the Jenkins X versions repo https://github.com/jenkins-x/jenkins-x-versions.git with ref refs/heads/master to /builder/home/.**/jenkins-x-versions
Effective pipeline written to jenkins-x-release-effective.yml

Showing logs for build [32mmeta-smyaltamash-flaskapp-maste-tn66v-12[0m stage [32mmeta-pipeline[0m and container [32mstep-create-tekton-crds[0m
running command: echo \$(**-release-version) > VERSION

running command: ** step tag --version \$(cat VERSION)
Updating chart version in charts/flaskapp/Chart.yaml to 0.0.1
Updating repository in charts/flaskapp/values.yaml to dc2020.azurecr.io/smyaltamash/flaskapp
Updating tag in charts/flaskapp/values.yaml to 0.0.1
error: Have you set up a git credential helper? See https://help.github.com/articles/caching-your-github-password-in-git/
: git output: To https://github.com/SMYALTAMASH/FlaskApp.git
 ! [rejected]        v0.0.1 -> v0.0.1 (already exists)
error: failed to push some refs to 'https://github.com/SMYALTAMASH/FlaskApp.git'
hint: Updates were rejected because the tag already exists in the remote.: failed to run 'git push origin v0.0.1' command in directory '', output: 'To https://github.com/SMYALTAMASH/FlaskApp.git
 ! [rejected]        v0.0.1 -> v0.0.1 (already exists)
error: failed to push some refs to 'https://github.com/SMYALTAMASH/FlaskApp.git'
hint: Updates were rejected because the tag already exists in the remote.'
error: failed to set the version on release pipelines: failed to run '/bin/sh -c ** step tag --version $(cat VERSION)' command in directory '/workspace/source', output: ''
[31m
Pipeline failed on stage 'meta-pipeline' : container 'step-create-tekton-crds'. The execution of the pipeline has stopped.[0m
