
Showing logs for build [32msmyaltamash-flaskapp-master-rel-9rqn8-5[0m stage [32mfrom-build-pack[0m and container [32mstep-credential-initializer-htpnb[0m
{"level":"warn","ts":1581935348.3691833,"logger":"fallback-logger","caller":"logging/config.go:69","msg":"Fetch GitHub commit ID from kodata failed: \"ref: refs/heads/0.8.0-**-support-backwards-incompats\" is not a valid GitHub commit ID"}
{"level":"info","ts":1581935348.3695443,"logger":"fallback-logger","caller":"creds-init/main.go:40","msg":"Credentials initialized."}

Showing logs for build [32msmyaltamash-flaskapp-master-rel-9rqn8-5[0m stage [32mfrom-build-pack[0m and container [32mstep-working-dir-initializer-rf8xf[0m
{"level":"warn","ts":1581935349.821818,"logger":"fallback-logger","caller":"logging/config.go:69","msg":"Fetch GitHub commit ID from kodata failed: open /var/run/ko/HEAD: no such file or directory"}
{"level":"info","ts":1581935349.823041,"logger":"fallback-logger","caller":"bash/main.go:64","msg":"Successfully executed command \"sh -c mkdir -p /workspace/source\"; output "}

Showing logs for build [32msmyaltamash-flaskapp-master-rel-9rqn8-5[0m stage [32mfrom-build-pack[0m and container [32mstep-place-tools[0m

Showing logs for build [32msmyaltamash-flaskapp-master-rel-9rqn8-5[0m stage [32mfrom-build-pack[0m and container [32mstep-git-source-smyaltamash-flaskapp-master-rel-9rqn8-vr79t[0m
{"level":"warn","ts":1581935357.9413612,"logger":"fallback-logger","caller":"logging/config.go:69","msg":"Fetch GitHub commit ID from kodata failed: \"ref: refs/heads/0.8.0-**-support-backwards-incompats\" is not a valid GitHub commit ID"}
{"level":"info","ts":1581935361.208607,"logger":"fallback-logger","caller":"git/git.go:103","msg":"Successfully cloned https://github.com/SMYALTAMASH/FlaskApp.git @ v0.0.8 in path /workspace/source"}

Showing logs for build [32msmyaltamash-flaskapp-master-rel-9rqn8-5[0m stage [32mfrom-build-pack[0m and container [32mstep-git-merge[0m
Using SHAs from PULL_REFS=master:18629813306b19fe31b187a7df9636e197ddba87
WARNING: no SHAs to merge, falling back to initial cloned commit

Showing logs for build [32msmyaltamash-flaskapp-master-rel-9rqn8-5[0m stage [32mfrom-build-pack[0m and container [32mstep-setup-jx-git-credentials[0m
Generated Git credentials file /workspace/xdg_config/git/credentials

Showing logs for build [32msmyaltamash-flaskapp-master-rel-9rqn8-5[0m stage [32mfrom-build-pack[0m and container [32mstep-build-python-unittest[0m

----------------------------------------------------------------------
Ran 0 tests in 0.000s

OK

Showing logs for build [32msmyaltamash-flaskapp-master-rel-9rqn8-5[0m stage [32mfrom-build-pack[0m and container [32mstep-build-container-build[0m
[36mINFO[0m[0000] Downloading base image python:3.6-alpine     
[36mINFO[0m[0001] Error while retrieving image from cache: <empty transport.Error response> 
[36mINFO[0m[0001] Downloading base image python:3.6-alpine     
error building image: <empty transport.Error response>
[31m
Pipeline failed on stage 'from-build-pack' : container 'step-build-container-build'. The execution of the pipeline has stopped.[0m
