
Showing logs for build [32msmyaltamash-flaskapp-master-rel-bqrz5-8[0m stage [32mfrom-build-pack[0m and container [32mstep-credential-initializer-2d848[0m
{"level":"warn","ts":1581937249.924011,"logger":"fallback-logger","caller":"logging/config.go:69","msg":"Fetch GitHub commit ID from kodata failed: \"ref: refs/heads/0.8.0-**-support-backwards-incompats\" is not a valid GitHub commit ID"}
{"level":"info","ts":1581937249.9244704,"logger":"fallback-logger","caller":"creds-init/main.go:40","msg":"Credentials initialized."}

Showing logs for build [32msmyaltamash-flaskapp-master-rel-bqrz5-8[0m stage [32mfrom-build-pack[0m and container [32mstep-working-dir-initializer-hz88s[0m
{"level":"warn","ts":1581937250.9573555,"logger":"fallback-logger","caller":"logging/config.go:69","msg":"Fetch GitHub commit ID from kodata failed: open /var/run/ko/HEAD: no such file or directory"}
{"level":"info","ts":1581937250.9608152,"logger":"fallback-logger","caller":"bash/main.go:64","msg":"Successfully executed command \"sh -c mkdir -p /workspace/source\"; output "}

Showing logs for build [32msmyaltamash-flaskapp-master-rel-bqrz5-8[0m stage [32mfrom-build-pack[0m and container [32mstep-place-tools[0m

Showing logs for build [32msmyaltamash-flaskapp-master-rel-bqrz5-8[0m stage [32mfrom-build-pack[0m and container [32mstep-git-source-smyaltamash-flaskapp-master-rel-bqrz5-9r7hc[0m
{"level":"warn","ts":1581937256.026949,"logger":"fallback-logger","caller":"logging/config.go:69","msg":"Fetch GitHub commit ID from kodata failed: \"ref: refs/heads/0.8.0-**-support-backwards-incompats\" is not a valid GitHub commit ID"}
{"level":"info","ts":1581937261.8159063,"logger":"fallback-logger","caller":"git/git.go:103","msg":"Successfully cloned https://github.com/SMYALTAMASH/FlaskApp.git @ v0.0.11 in path /workspace/source"}

Showing logs for build [32msmyaltamash-flaskapp-master-rel-bqrz5-8[0m stage [32mfrom-build-pack[0m and container [32mstep-git-merge[0m
Using SHAs from PULL_REFS=master:d1f2e92d517c7aafdeb7741f4aa5736bb9d7f963
WARNING: no SHAs to merge, falling back to initial cloned commit

Showing logs for build [32msmyaltamash-flaskapp-master-rel-bqrz5-8[0m stage [32mfrom-build-pack[0m and container [32mstep-setup-jx-git-credentials[0m
Generated Git credentials file /workspace/xdg_config/git/credentials

Showing logs for build [32msmyaltamash-flaskapp-master-rel-bqrz5-8[0m stage [32mfrom-build-pack[0m and container [32mstep-build-python-unittest[0m

----------------------------------------------------------------------
Ran 0 tests in 0.000s

OK

Showing logs for build [32msmyaltamash-flaskapp-master-rel-bqrz5-8[0m stage [32mfrom-build-pack[0m and container [32mstep-build-container-build[0m
[36mINFO[0m[0000] Downloading base image python:3.6-alpine     
[36mINFO[0m[0001] Error while retrieving image from cache: <empty transport.Error response> 
[36mINFO[0m[0001] Downloading base image python:3.6-alpine     
error building image: <empty transport.Error response>
[31m
Pipeline failed on stage 'from-build-pack' : container 'step-build-container-build'. The execution of the pipeline has stopped.[0m
